

Version:	3.50
CmdLine:	C:\Users\virgi\Downloads\Calar\target\Calar.exe --l4j-debug
JNI:		No
WOW64:		Yes
Working dir:	C:\Users\virgi\Downloads\Calar\target\.
Requires JDK:	No
Requires 64-Bit: No
Java min ver:	1.011.000
Java max ver:	
Substitute:	JAVA_HOME = 
Substitute:	PATH = C:\Program Files\Common Files\Oracle\Java\javapath;C:\WINDOWS\system32;C:\WINDOWS;C:\WINDOWS\System32\Wbem;C:\WINDOWS\System32\WindowsPowerShell\v1.0\;C:\WINDOWS\System32\OpenSSH\;C:\Program Files (x86)\Windows Live\Shared;C:\Program Files\Git\cmd;C:\Users\virgi\AppData\Local\Microsoft\WindowsApps;C:\Program Files\Java\jdk-11\bin
JRE paths:	;C:\Program Files\Common Files\Oracle\Java\javapath;C:\WINDOWS\system32;C:\WINDOWS;C:\WINDOWS\System32\Wbem;C:\WINDOWS\System32\WindowsPowerShell\v1.0\;C:\WINDOWS\System32\OpenSSH\;C:\Program Files (x86)\Windows Live\Shared;C:\Program Files\Git\cmd;C:\Users\virgi\AppData\Local\Microsoft\WindowsApps;C:\Program Files\Java\jdk-11\bin
Check launcher:	C:\Program Files\Common Files\Oracle\Java\javapath\bin\javaw.exe (not found)
Check launcher:	C:\WINDOWS\system32\bin\javaw.exe (not found)
Check launcher:	C:\WINDOWS\bin\javaw.exe (not found)
Check launcher:	C:\WINDOWS\System32\Wbem\bin\javaw.exe (not found)
Check launcher:	C:\WINDOWS\System32\WindowsPowerShell\v1.0\bin\javaw.exe (not found)
Check launcher:	C:\WINDOWS\System32\OpenSSH\bin\javaw.exe (not found)
Check launcher:	C:\Program Files (x86)\Windows Live\Shared\bin\javaw.exe (not found)
Check launcher:	C:\Program Files\Git\cmd\bin\javaw.exe (not found)
Check launcher:	C:\Users\virgi\AppData\Local\Microsoft\WindowsApps\bin\javaw.exe (not found)
Check launcher:	C:\Program Files\Java\jdk-11\bin\javaw.exe (OK)
Version string: 1.011.000_018 / 64-Bit (OK)
Launcher:	C:\Program Files\Java\jdk-11\bin\javaw.exe
Launcher args:	-jar "C:\Users\virgi\Downloads\Calar\target\Calar.exe"
Args length:	54/32768 chars
Exit code:	0


Version:	3.50
CmdLine:	C:\Users\virgi\Downloads\Calar\target\Calar.exe --l4j-debug
JNI:		No
WOW64:		Yes
Working dir:	C:\Users\virgi\Downloads\Calar\target\.
Requires JDK:	No
Requires 64-Bit: No
Java min ver:	1.011.000
Java max ver:	
Substitute:	JAVA_HOME = 
Substitute:	PATH = C:\Program Files\Common Files\Oracle\Java\javapath;C:\WINDOWS\system32;C:\WINDOWS;C:\WINDOWS\System32\Wbem;C:\WINDOWS\System32\WindowsPowerShell\v1.0\;C:\WINDOWS\System32\OpenSSH\;C:\Program Files (x86)\Windows Live\Shared;C:\Program Files\Git\cmd;C:\Users\virgi\AppData\Local\Microsoft\WindowsApps;C:\Program Files\Java\jdk-11\bin
JRE paths:	;C:\Program Files\Common Files\Oracle\Java\javapath;C:\WINDOWS\system32;C:\WINDOWS;C:\WINDOWS\System32\Wbem;C:\WINDOWS\System32\WindowsPowerShell\v1.0\;C:\WINDOWS\System32\OpenSSH\;C:\Program Files (x86)\Windows Live\Shared;C:\Program Files\Git\cmd;C:\Users\virgi\AppData\Local\Microsoft\WindowsApps;C:\Program Files\Java\jdk-11\bin
Check launcher:	C:\Program Files\Common Files\Oracle\Java\javapath\bin\javaw.exe (not found)
Check launcher:	C:\WINDOWS\system32\bin\javaw.exe (not found)
Check launcher:	C:\WINDOWS\bin\javaw.exe (not found)
Check launcher:	C:\WINDOWS\System32\Wbem\bin\javaw.exe (not found)
Check launcher:	C:\WINDOWS\System32\WindowsPowerShell\v1.0\bin\javaw.exe (not found)
Check launcher:	C:\WINDOWS\System32\OpenSSH\bin\javaw.exe (not found)
Check launcher:	C:\Program Files (x86)\Windows Live\Shared\bin\javaw.exe (not found)
Check launcher:	C:\Program Files\Git\cmd\bin\javaw.exe (not found)
Check launcher:	C:\Users\virgi\AppData\Local\Microsoft\WindowsApps\bin\javaw.exe (not found)
Check launcher:	C:\Program Files\Java\jdk-11\bin\javaw.exe (OK)
Version string: 1.011.000_018 / 64-Bit (OK)
Launcher:	C:\Program Files\Java\jdk-11\bin\javaw.exe
Launcher args:	-jar "C:\Users\virgi\Downloads\Calar\target\Calar.exe"
Args length:	54/32768 chars
Exit code:	0
